<?xml version="1.0" encoding="UTF-8"?>
<!-- Generated by org.testng.reporters.JUnitXMLReporter -->
<testsuite ignored="0" hostname="DESKTOP-53F05T1" failures="0" tests="4" name="Default test" time="18.36" errors="0" timestamp="28 Nov 2022 18:05:23 GMT">
  <testcase classname="com.acti.testcase.LoginPageTest" name="testLoginPageTitle" time="4.638"/>
  <testcase classname="com.acti.testcase.LoginPageTest" name="testLoginPageImg" time="4.217"/>
  <testcase classname="com.acti.testcase.LoginPageTest" name="testForgotPasswordLink" time="4.272"/>
  <testcase classname="com.acti.testcase.LoginPageTest" name="testLoginFunction" time="5.214"/>
</testsuite> <!-- Default test -->
