<?xml version="1.0" encoding="UTF-8"?>
<testng-results ignored="0" total="4" passed="4" failed="0" skipped="0">
  <reporter-output>
  </reporter-output>
  <suite started-at="2022-11-28T18:05:05Z" name="Default suite" finished-at="2022-11-28T18:05:23Z" duration-ms="18360">
    <groups>
    </groups>
    <test started-at="2022-11-28T18:05:05Z" name="Default test" finished-at="2022-11-28T18:05:23Z" duration-ms="18360">
      <class name="com.acti.testcase.LoginPageTest">
        <test-method signature="testLoginPageTitle()[pri:1, instance:com.acti.testcase.LoginPageTest@2d6c53fc]" started-at="2022-11-28T18:05:05Z" name="testLoginPageTitle" finished-at="2022-11-28T18:05:09Z" duration-ms="4638" status="PASS">
          <reporter-output>
          </reporter-output>
        </test-method> <!-- testLoginPageTitle -->
        <test-method signature="testLoginPageImg()[pri:2, instance:com.acti.testcase.LoginPageTest@2d6c53fc]" started-at="2022-11-28T18:05:09Z" name="testLoginPageImg" finished-at="2022-11-28T18:05:14Z" duration-ms="4217" status="PASS">
          <reporter-output>
          </reporter-output>
        </test-method> <!-- testLoginPageImg -->
        <test-method signature="testForgotPasswordLink()[pri:3, instance:com.acti.testcase.LoginPageTest@2d6c53fc]" started-at="2022-11-28T18:05:14Z" name="testForgotPasswordLink" finished-at="2022-11-28T18:05:18Z" duration-ms="4272" status="PASS">
          <reporter-output>
          </reporter-output>
        </test-method> <!-- testForgotPasswordLink -->
        <test-method signature="testLoginFunction()[pri:4, instance:com.acti.testcase.LoginPageTest@2d6c53fc]" started-at="2022-11-28T18:05:18Z" name="testLoginFunction" finished-at="2022-11-28T18:05:23Z" duration-ms="5214" status="PASS">
          <reporter-output>
          </reporter-output>
        </test-method> <!-- testLoginFunction -->
      </class> <!-- com.acti.testcase.LoginPageTest -->
    </test> <!-- Default test -->
  </suite> <!-- Default suite -->
</testng-results>
